pybullet build time: Feb  1 2023 23:25:41
2023-03-03 12:31:27.627167: I tensorflow/core/platform/cpu_feature_guard.cc:193] This TensorFlow binary is optimized with oneAPI Deep Neural Network Library (oneDNN) to use the following CPU instructions in performance-critical operations:  AVX2 AVX512F FMA
To enable them in other operations, rebuild TensorFlow with the appropriate compiler flags.
2023-03-03 12:31:28.336163: W tensorflow/compiler/xla/stream_executor/platform/default/dso_loader.cc:64] Could not load dynamic library 'libnvinfer.so.7'; dlerror: libnvinfer.so.7: cannot open shared object file: No such file or directory
2023-03-03 12:31:28.336244: W tensorflow/compiler/xla/stream_executor/platform/default/dso_loader.cc:64] Could not load dynamic library 'libnvinfer_plugin.so.7'; dlerror: libnvinfer_plugin.so.7: cannot open shared object file: No such file or directory
2023-03-03 12:31:28.336253: W tensorflow/compiler/tf2tensorrt/utils/py_utils.cc:38] TF-TRT Warning: Cannot dlopen some TensorRT libraries. If you would like to use Nvidia GPU with TensorRT, please make sure the missing libraries mentioned above are installed properly.
robotiqGymEnv __init__
robot base reset
robotiqGymEnv __init__
robot base reset
robotiqGymEnv __init__
robot base reset
robotiqGymEnv __init__
robot base reset
robotiqGymEnv __init__
robot base reset
Using cuda device
robot base reset
robot base reset
robot base reset
robot base reset
Logging to ./tensorboard/20230303-12:31PM_SAC_M1000_0.05/SAC_1
